  0.011978     109.66 -8.5934e-16 -2.1064e-15          0     173.27
  0.023938     109.66 -8.9338e-16 2.0743e-15          0     173.27
  0.035881     109.66 1.4841e-15 -2.5158e-15          0     173.27
  0.047807     109.66 5.7062e-16 4.2688e-15          0     173.27
  0.059714     109.66 1.7967e-15 -9.113e-15          0     173.27
  0.071604     109.66 9.2049e-17 -2.9204e-15          0     173.27
  0.083479     109.66 -1.1167e-16 1.3073e-14          0     173.27
  0.095337     109.66 1.3123e-15 -9.149e-16          0     173.27
   0.10718     109.66 2.7696e-16 -8.4984e-15          0     173.27
   0.11901     109.66 -1.7347e-16 1.1355e-14          0     173.27
   0.13083     109.66 -1.2625e-15 -1.1336e-14          0     173.27
   0.14263     109.66   6.94e-16 -1.2424e-15          0     173.27
   0.15442     109.66 1.4309e-15 -4.2276e-15          0     173.27
    0.1662     109.66 2.9291e-15 -6.0058e-15          0     173.27
   0.17796     109.66 -5.6557e-16 4.9273e-15          0     173.27
   0.18972     109.66 -2.369e-16 1.1472e-14          0     173.27
   0.20146     109.66 1.0751e-15 6.6979e-15          0     173.27
   0.21319     109.66 1.2414e-15 3.5593e-15          0     173.27
   0.22491     109.66 -1.0842e-15 -2.0793e-15          0     173.27
   0.23662     109.66 8.8932e-16 8.6936e-15          0     173.27
   0.24832     109.66 1.1803e-15 1.3835e-14          0     173.27
   0.26001     109.66 1.9472e-16 4.2712e-16          0     173.27
   0.27169     109.66 3.4928e-16 2.3148e-16          0     173.27
   0.28336     109.66 -1.1541e-15 -2.9253e-15          0     173.27
   0.29503     109.66 1.6554e-15 -5.9267e-15          0     173.27
   0.30668     109.66 2.2551e-16 -8.6011e-15          0     173.27
   0.31832     109.66 -1.7656e-16 7.6336e-15          0     173.27
   0.32995     109.66 5.3776e-17 -2.0939e-15          0     173.27
   0.34157     109.66  5.363e-16 9.8413e-16          0     173.27
   0.35318     109.66 -8.5706e-17 8.0583e-16          0     173.27
   0.36478     109.66 -5.421e-16 -8.8641e-15          0     173.27
   0.37637     109.66 4.4469e-16 -1.0763e-14          0     173.27
   0.38794     109.66 6.9606e-16 -3.1377e-16          0     173.27
    0.3995     109.66 8.5023e-16 -1.1739e-14          0     173.27
   0.41105     109.66   3.85e-16 -1.3772e-14          0     173.27
   0.42258     109.66 2.0023e-15 -1.1416e-14          0     173.27
    0.4341     109.66 5.4096e-16 1.2378e-15          0     173.27
    0.4456     109.66 -4.3531e-17 -1.4645e-14          0     173.27
   0.45707     109.66 8.4801e-16 -1.7578e-15          0     173.27
   0.46853     109.66 3.7248e-16 6.0579e-15          0     173.27
   0.47996     109.66 -1.8328e-16 1.5196e-15          0     173.27
   0.49137     109.66 -7.9402e-16 -2.3137e-15          0     173.27
   0.50274     109.66 1.2158e-15 -5.287e-15          0     173.27
   0.51408     109.66 1.2618e-15 -3.639e-15          0     173.27
   0.52537     109.66 -4.6409e-16 1.1488e-15          0     173.27
    0.5366     109.66 -9.2081e-16 4.0671e-15          0     173.27
   0.54775     109.66 1.5662e-15 -1.1914e-14          0     173.27
   0.55882     109.66 7.3151e-16 4.7655e-15          0     173.27
   0.56979     109.66 2.1061e-15 -1.3297e-14          0     173.27
   0.58066     109.66 4.3569e-16 9.3288e-15          0     173.27
   0.59142     109.66 -2.1082e-16 -2.6445e-15          0     173.27
   0.60208     109.66 1.2623e-15 -3.2663e-15          0     173.27
   0.61263     109.66 2.9241e-16   -8.4e-15          0     173.27
   0.62307     109.66  2.343e-16 6.8142e-16          0     173.27
   0.63341     109.66 1.0712e-15  4.477e-15          0     173.27
   0.64364     109.66 2.0443e-16 8.9243e-15          0     173.27
   0.65377     109.66 1.9564e-15 8.2969e-15          0     173.27
    0.6638     109.66 7.2642e-16 -3.5539e-15          0     173.27
   0.67374     109.66 1.0895e-15 1.4257e-15          0     173.27
   0.68359     109.66 2.9894e-15 -4.1124e-15          0     173.27
   0.69335     109.66 1.7813e-15 8.3538e-15          0     173.27
   0.70301     109.66 1.4578e-15 -1.298e-15          0     173.27
   0.71259     109.66 8.3625e-16 5.3063e-15          0     173.27
   0.72208     109.66 9.7361e-16 1.1057e-15          0     173.27
   0.73148     109.66 -1.3113e-16 -7.0086e-15          0     173.27
   0.74082     109.66 -6.1447e-16 -4.2979e-15          0     173.27
   0.75009     109.66 1.6039e-15 1.3325e-15          0     173.27
   0.75931     109.66 -7.3948e-16 9.7838e-16          0     173.27
   0.76848     109.66 1.4145e-15 -3.9043e-15          0     173.27
   0.77758     109.66 1.9264e-16 -9.532e-15          0     173.27
   0.78663     109.66 -7.8266e-16 4.5374e-16          0     173.27
   0.79562     109.66 -8.8016e-16 -3.8376e-15          0     173.27
   0.80456     109.66 -5.6701e-16 1.1605e-14          0     173.27
   0.81346     109.66 -4.3696e-16 -2.2108e-15          0     173.27
   0.82233     109.66  2.131e-16 4.9994e-15          0     173.27
   0.83118     109.66 -1.5475e-15 -1.0688e-15          0     173.27
      0.84     109.66 -1.0453e-15 -9.5441e-15          0     173.27
   0.84878     109.66 1.4306e-15 7.7436e-15          0     173.27
   0.85753     109.66 -5.9073e-16 4.9249e-15          0     173.27
   0.86625     109.66 1.4011e-15 -1.2647e-14          0     173.27
   0.87496     109.66 -7.2975e-16 -6.5447e-15          0     173.27
   0.88364     109.66 -3.1472e-16 -1.1386e-14          0     173.27
    0.8923     109.66 2.8352e-15 -4.4176e-15          0     173.27
   0.90094     109.66 -2.2008e-15 1.0078e-15          0     173.27
   0.90957     109.66 4.9586e-16 1.2072e-14          0     173.27
   0.91819     109.66 3.0134e-15 8.2063e-16          0     173.27
    0.9268     109.66 4.4856e-15 -1.0931e-14          0     173.27
   0.93539     109.66 1.1394e-15 -5.7354e-17          0     173.27
   0.94398     109.66 1.6936e-15 -4.4452e-18          0     173.27
   0.95255     109.66 3.2773e-16 1.3054e-14          0     173.27
   0.96112     109.66 1.1707e-15 4.7128e-15          0     173.27
   0.96967     109.66 4.2955e-16 6.7882e-15          0     173.27
   0.97822     109.66 -6.039e-17 -1.2237e-14          0     173.27
   0.98677     109.66 1.8578e-15 -1.4774e-14          0     173.27
   0.99531     109.66 8.1612e-16 -4.6377e-15          0     173.27
    1.0038     109.66 1.4398e-15 -1.0417e-14          0     173.27
    1.0124     109.66 6.7815e-16  2.009e-15          0     173.27
    1.0209     109.66 5.4332e-16 4.8057e-15          0     173.27
    1.0294     109.66 2.1928e-17 3.4507e-15          0     173.27
     1.038     109.66 1.5567e-15 -1.3064e-14          0     173.27
    1.0465     109.66 -1.8852e-15 -1.3888e-14          0     173.27
     1.055     109.66 -2.5605e-16 8.3723e-15          0     173.27
    1.0635     109.66 -2.1467e-17 2.9408e-15          0     173.27
     1.072     109.66  6.672e-16 -4.3726e-15          0     173.27
    1.0805     109.66 -6.4106e-16 1.7851e-16          0     173.27
     1.089     109.66 -4.7544e-16 1.0059e-14          0     173.27
    1.0976     109.66 3.8932e-16 -2.4566e-15          0     173.27
    1.1061     109.66 -1.217e-15 -4.8952e-15          0     173.27
    1.1146     109.66 3.9322e-15 5.1152e-15          0     173.27
    1.1231     109.66 -2.2886e-15 -1.2259e-14          0     173.27
    1.1316     109.66 1.8676e-15 -6.2217e-16          0     173.27
    1.1401     109.66 -4.6798e-16 -1.0325e-14          0     173.27
    1.1486     109.66   6.35e-16 -1.5425e-15          0     173.27
    1.1571     109.66 1.3483e-15 -5.2202e-15          0     173.27
    1.1656     109.66 4.3102e-16 -2.9198e-14          0     173.27
    1.1742     109.66 2.1732e-15 1.1535e-14          0     173.27
    1.1827     109.66 1.4755e-15 -1.2107e-14          0     173.27
    1.1912     109.66  4.258e-15 -2.1115e-15          0     173.27
    1.1997     109.66 2.4142e-15 -9.4286e-15          0     173.27
    1.2082     109.66 1.9366e-15 -9.2797e-15          0     173.27
    1.2167     109.66 -1.1361e-16 -6.1229e-15          0     173.27
    1.2252     109.66 1.1723e-15 3.4635e-15          0     173.27
    1.2337     109.66 -2.1765e-15 -4.4756e-15          0     173.27
    1.2422     109.66 1.9504e-15 -1.6548e-14          0     173.27
    1.2507     109.66 -1.1429e-15 -7.4656e-15          0     173.27
    1.2591     109.66  1.005e-15 5.0206e-15          0     173.27
    1.2676     109.66 1.7518e-15 6.6653e-15          0     173.27
    1.2761     109.66 3.1062e-16 -1.4958e-14          0     173.27
    1.2846     109.66 -8.7563e-17 6.9861e-16          0     173.27
    1.2931     109.66 -1.4648e-15  6.558e-15          0     173.27
    1.3016     109.66 -6.2748e-16 1.3402e-14          0     173.27
    1.3101     109.66 4.0946e-16 -2.3926e-15          0     173.27
    1.3271     109.66 -1.0178e-15 -1.6144e-16          0     173.27
    1.3355     109.66  1.658e-15 -5.2679e-15          0     173.27
     1.344     109.66 -4.027e-16 7.5142e-15          0     173.27
    1.3525     109.66 9.0273e-17 7.8133e-16          0     173.27
     1.361     109.66 1.2423e-15 1.4025e-14          0     173.27
     1.378     109.66 -8.7411e-16 7.3785e-16          0     173.27
    1.3865     109.66 3.3582e-16 7.6792e-15          0     173.27
    1.3949     109.66 8.8273e-16 -1.9015e-15          0     173.27
    1.4034     109.66 1.0171e-15  3.148e-15          0     173.27
    1.4119     109.66 1.2767e-15 6.1264e-15          0     173.27
    1.4204     109.66 -1.4176e-17 -4.8637e-15          0     173.27
    1.4373     109.66 2.0475e-15  6.292e-15          0     173.27
    1.4458     109.66 1.5946e-15 -7.0328e-15          0     173.27
    1.4543     109.66 1.7444e-15 -4.0484e-15          0     173.27
    1.4628     109.66 2.2314e-15 -3.8549e-16          0     173.27
    1.4713     109.66  6.531e-16 -6.6749e-16          0     173.27
    1.4882     109.66 2.7474e-15 2.6753e-16          0     173.27
    1.4967     109.66 4.4147e-16 -1.7596e-15          0     173.27
    1.5052     109.66   2.66e-15 -9.6787e-16          0     173.27
    1.5136     109.66 3.4396e-16   3.01e-15          0     173.27
    1.5221     109.66 9.3783e-17 5.8684e-15          0     173.27
    1.5306     109.66 1.3606e-15 1.7374e-15          0     173.27
    1.5476     109.66 -3.694e-16 -9.3277e-15          0     173.27
     1.556     109.66 3.1814e-15 2.0024e-15          0     173.27
    1.5645     109.66 2.7276e-15 -1.7803e-15          0     173.27
     1.573     109.66 7.0734e-16 1.5127e-15          0     173.27
    1.5815     109.66 -1.3075e-15 -6.1745e-15          0     173.27
    1.5984     109.66  6.119e-16 -1.102e-14          0     173.27
    1.6069     109.66 1.0333e-16 -2.6208e-15          0     173.27
    1.6154     109.66 7.0359e-16 -6.7882e-15          0     173.27
    1.6239     109.66 2.6035e-15 -7.977e-15          0     173.27
    1.6324     109.66  9.328e-16 -4.5503e-15          0     173.27
    1.6408     109.66 1.1313e-15 -8.8316e-15          0     173.27
    1.6578     109.66 5.2503e-16 9.2614e-15          0     173.27
    1.6663     109.66 -2.3454e-16 -1.0461e-14          0     173.27
    1.6748     109.66 -1.1216e-15 5.0085e-15          0     173.27
    1.6832     109.66 1.5793e-15 -8.7747e-15          0     173.27
    1.6917     109.66 -6.7221e-17 -6.6612e-15          0     173.27
    1.7002     109.66 1.5269e-15 -3.728e-15          0     173.27
    1.7172     109.66 6.4686e-16 9.0628e-15          0     173.27
    1.7256     109.66 -1.8784e-15 -1.2635e-15          0     173.27
    1.7341     109.66 1.1416e-15 4.2449e-15          0     173.27
    1.7426     109.66 -7.4409e-16 2.4456e-15          0     173.27
     1.751     109.66 4.0725e-18 5.7638e-15          0     173.27
     1.768     109.66 -3.0148e-16 -1.7617e-14          0     173.27
    1.7765     109.66 4.2606e-16 -8.3789e-15          0     173.27
    1.7849     109.66 -1.3314e-15 6.2632e-15          0     173.27
    1.7934     109.66 1.7828e-16 -1.0057e-14          0     173.27
    1.8019     109.66 -1.1058e-15 -2.246e-15          0     173.27
    1.8104     109.66 1.7193e-15 -5.1524e-15          0     173.27
    1.8273     109.66 1.8523e-15 -2.8165e-15          0     173.27
    1.8358     109.66 -1.5596e-15 4.7335e-15          0     173.27
    1.8442     109.66 1.2789e-15 -1.3209e-14          0     173.27
    1.8527     109.66 -1.1487e-15 1.0314e-14          0     173.27
    1.8612     109.66 7.8186e-16  -9.43e-15          0     173.27
    1.8781     109.66 1.7189e-15 8.4188e-15          0     173.27
    1.8866     109.66 2.3758e-16 9.0027e-15          0     173.27
    1.8951     109.66 1.4739e-15 -7.9806e-15          0     173.27
    1.9035     109.66 2.7836e-16 1.2281e-15          0     173.27
     1.912     109.66 -4.7376e-16 -1.0663e-14          0     173.27
    1.9205     109.66 1.4869e-15 -2.5221e-15          0     173.27
    1.9375     109.66 3.7213e-16 1.1735e-14          0     173.27
    1.9459     109.66 1.6148e-17 -7.3097e-16          0     173.27
    1.9544     109.66 4.9322e-16 -1.124e-14          0     173.27
    1.9629     109.66 1.3998e-15 -5.4836e-15          0     173.27
    1.9714     109.66 7.5873e-16  3.692e-15          0     173.27
    1.9883     109.66 1.8323e-15 -4.6673e-15          0     173.27
    1.9968     109.66 -1.3422e-15 -2.113e-14          0     173.27
    2.0053     109.66 -2.1262e-16 2.6635e-15          0     173.27
    2.0138     109.66 -1.8339e-15 -2.6077e-15          0     173.27
    2.0223     109.66 -5.1968e-16 3.3436e-15          0     173.27
    2.0308     109.66 -1.9454e-15 5.2459e-15          0     173.27
    2.0477     109.66 -1.1815e-15 8.4566e-15          0     173.27
    2.0562     109.66 -1.9379e-15 -4.6481e-15          0     173.27
    2.0647     109.66 -4.252e-16 -1.3875e-14          0     173.27
    2.0732     109.66 1.2721e-15 -2.1096e-16          0     173.27
    2.0817     109.66 3.3404e-15 5.6928e-15          0     173.27
    2.0902     109.66 4.6013e-15 -3.168e-16          0     173.27
    2.1072     109.66 -1.7865e-15 -3.3186e-15          0     173.27
    2.1157     109.66 9.1066e-16 -3.5133e-15          0     173.27
    2.1242     109.66 -2.233e-15 -5.5684e-15          0     173.27
    2.1327     109.66 -4.7336e-16 -3.0062e-15          0     173.27
    2.1412     109.66 2.0173e-15 -1.9541e-14          0     173.27
    2.1582     109.66 6.6887e-15 -1.4485e-14          0     173.27
    2.1666     109.66 -7.6607e-16 -1.0765e-14          0     173.27
    2.1751     109.66 -2.8669e-15  3.134e-15          0     173.27
    2.1836     109.66 5.6574e-15 8.9128e-15          0     173.27
    2.1921     109.66 5.1802e-15 -4.9932e-15          0     173.27
    2.2006     109.66 1.1347e-15 1.0636e-16          0     173.27
    2.2176     109.66 6.2981e-16 -4.7535e-15          0     173.27
    2.2261     109.66 2.2414e-15 -2.6019e-15          0     173.27
    2.2345     109.66 1.6302e-15 -1.0015e-14          0     173.27
     2.243     109.66 2.3061e-15 -8.7712e-15          0     173.27
    2.2515     109.66 3.1905e-15 2.1472e-15          0     173.27
    2.2684     109.66 1.9487e-15 -3.2916e-15          0     173.27
    2.2769     109.66 -4.3641e-15 8.0912e-15          0     173.27
    2.2854     109.66  1.671e-15  1.511e-14          0     173.27
    2.2938     109.66 5.9162e-15 -7.2631e-15          0     173.27
    2.3023     109.66 -1.1139e-15 -6.415e-15          0     173.27
    2.3108     109.66 -9.0488e-16 -6.5278e-15          0     173.27
    2.3277     109.66 -1.9338e-15 3.2526e-17          0     173.27
    2.3361     109.66 2.5851e-15 -9.2513e-15          0     173.27
    2.3446     109.66 1.6551e-15 -9.5042e-15          0     173.27
     2.353     109.66 7.6165e-16 2.5339e-15          0     173.27
    2.3615     109.66 1.7745e-15 -1.0848e-14          0     173.27
    2.3783     109.66  1.975e-15 -1.1432e-14          0     173.27
    2.3868     109.66 -4.4374e-15 5.4288e-15          0     173.27
    2.3952     109.66 9.8359e-16 -1.3537e-14          0     173.27
    2.4036     109.66 -5.2046e-15 -3.191e-15          0     173.27
     2.412     109.66  6.147e-15 -1.2853e-14          0     173.27
    2.4205     109.66 -1.5756e-15 -9.129e-15          0     173.27
    2.4373     109.66 4.3073e-15 -8.8367e-15          0     173.27
    2.4457     109.66 -3.5993e-15 1.4745e-17          0     173.27
    2.4541     109.66 -4.9344e-15 -6.9558e-15          0     173.27
    2.4625     109.66 -7.6653e-16 1.8566e-15          0     173.27
    2.4709     109.66 6.5551e-16 -1.0376e-14          0     173.27
    2.4877     109.66 -5.091e-15 -9.4759e-16          0     173.27
     2.496     109.66 5.6489e-15 6.1691e-15          0     173.27
    2.5044     109.66 2.9886e-15 -9.322e-16          0     173.27
    2.5128     109.66 8.8081e-16 -1.2215e-14          0     173.27
    2.5211     109.66 5.4354e-15 -1.1514e-14          0     173.27
    2.5378     109.66 -2.1796e-15 -4.0505e-15          0     173.27
    2.5462     109.66 -5.781e-16 -8.7826e-15          0     173.27
    2.5545     109.66 -3.4348e-16 5.3282e-15          0     173.27
    2.5628     109.66 2.1362e-15 -5.0318e-15          0     173.27
    2.5712     109.66 -1.5812e-15 7.4647e-15          0     173.27
    2.5878     109.66  7.352e-16 9.9105e-15          0     173.27
    2.5961     109.66 -7.5594e-15 -7.4514e-15          0     173.27
    2.6044     109.66 -3.4101e-15 -1.0306e-14          0     173.27
    2.6127     109.66 2.7525e-15   -7.1e-15          0     173.27
    2.6209     109.66 1.3599e-15 -1.5167e-15          0     173.27
    2.6375     109.66 4.4589e-15 4.6838e-16          0     173.27
    2.6457     109.66  1.008e-15 -8.8166e-15          0     173.27
     2.654     109.66 -1.2217e-15 -3.4619e-16          0     173.27
    2.6622     109.66 6.7905e-15 5.8719e-15          0     173.27
    2.6705     109.66 2.6321e-15 5.8796e-16          0     173.27
    2.6869     109.66 -3.1192e-15 -1.1158e-14          0     173.27
    2.6951     109.66 6.6097e-15 -4.1521e-15          0     173.27
    2.7034     109.66 6.5585e-15 -1.7743e-14          0     173.27
    2.7116     109.66 2.2831e-15 -6.7557e-16          0     173.27
    2.7279     109.66 -4.8047e-15 1.0076e-14          0     173.27
    2.7361     109.66 -1.0814e-15 -5.4014e-15          0     173.27
    2.7443     109.66 2.5507e-15 -8.7097e-15          0     173.27
    2.7525     109.66 2.1166e-15 -1.4714e-15          0     173.27
    2.7606     109.66 -1.1745e-15 -7.3737e-15          0     173.27
    2.7769     109.66 3.2442e-15 5.0152e-15          0     173.27
    2.7851     109.66 -5.4099e-15 -6.7734e-15          0     173.27
    2.7932     109.66 5.2113e-15 -7.2403e-15          0     173.27
    2.8013     109.66 -1.1847e-15 -1.3428e-14          0     173.27
    2.8176     109.66 -4.9659e-15 -8.189e-15          0     173.27
    2.8257     109.66 6.2309e-15 -8.1228e-16          0     173.27
    2.8338     109.66  6.076e-16 -2.7225e-15          0     173.27
    2.8419     109.66 -3.8626e-15 -8.7062e-15          0     173.27
     2.858     109.66 -3.1579e-15 -3.6686e-15          0     173.27
    2.8661     109.66 3.8018e-15 1.8751e-16          0     173.27
    2.8742     109.66 6.6523e-15 -8.0756e-15          0     173.27
    2.8823     109.66 -6.6601e-15 4.2165e-16          0     173.27
    2.8903     109.66 -5.1794e-15 8.6748e-15          0     173.27
    2.9064     109.66 3.6916e-15 8.4308e-16          0     173.27
    2.9145     109.66 -2.6851e-15 9.2992e-16          0     173.27
    2.9225     109.66 3.1677e-15 -4.5771e-15          0     173.27
    2.9306     109.66 -4.6581e-15 -4.1235e-15          0     173.27
    2.9466     109.66  2.775e-15 5.5694e-15          0     173.27
    2.9547     109.66 3.8059e-15 -1.7722e-15          0     173.27
    2.9627     109.66 2.8303e-15 -1.6248e-15          0     173.27
    2.9707     109.66 4.6978e-15 -2.1218e-16          0     173.27
    2.9867     109.66  5.196e-15 -5.7017e-15          0     173.27
    2.9948     109.66 -5.7306e-15 1.1448e-14          0     173.27
    3.0028     109.66 1.1756e-15 -1.1294e-14          0     173.27
    3.0108     109.66 5.2436e-15 -9.2521e-15          0     173.27
    3.0267     109.66 5.2713e-15 1.1434e-15          0     173.27
    3.0347     109.66 -6.4787e-15 -9.8093e-15          0     173.27
    3.0427     109.66  9.673e-16 8.0075e-15          0     173.27
    3.0507     109.66 -5.3083e-15 -1.0109e-14          0     173.27
    3.0666     109.66 5.6365e-15 1.4805e-16          0     173.27
    3.0746     109.66 2.7271e-15 -2.9669e-16          0     173.27
    3.0826     109.66 -6.4224e-15 -6.3981e-15          0     173.27
    3.0905     109.66 1.2097e-14 2.4061e-15          0     173.27
    3.1064     109.66 -4.0949e-15 6.0934e-15          0     173.27
    3.1144     109.66 -2.8552e-16 7.3625e-15          0     173.27
    3.1223     109.66 1.9496e-15 -1.464e-14          0     173.27
    3.1302     109.66 2.2617e-15 1.4926e-15          0     173.27
    3.1461     109.66 2.4821e-15 -1.8025e-15          0     173.27
     3.154     109.66 1.4782e-15 1.3447e-15          0     173.27
    3.1619     109.66 3.5607e-15 -3.9411e-15          0     173.27
    3.1777     109.66 -3.4441e-15 -1.1376e-14          0     173.27
    3.1856     109.66 7.6556e-15 -1.2821e-16          0     173.27
    3.1935     109.66 -4.6667e-15 -4.7703e-15          0     173.27
    3.2013     109.66 -2.825e-15 -8.3125e-15          0     173.27
    3.2171     109.66  8.225e-15 -1.3186e-15          0     173.27
    3.2249     109.66 -3.5734e-15 -1.5372e-14          0     173.27
    3.2328     109.66 5.2954e-15 3.7323e-15          0     173.27
    3.2407     109.66 5.1786e-15 -9.0249e-16          0     173.27
    3.2563     109.66 -2.1389e-15 -2.7378e-15          0     173.27
    3.2642     109.66 -2.0963e-16 3.0128e-15          0     173.27
     3.272     109.66 -7.8271e-15 6.0086e-15          0     173.27
    3.2876     109.66 4.8091e-15 2.8647e-15          0     173.27
    3.2954     109.66 -2.6172e-15 -2.9807e-15          0     173.27
    3.3032     109.66 5.3291e-15 -4.0968e-15          0     173.27
     3.311     109.66 3.0801e-15 -9.1127e-17          0     173.27
    3.3265     109.66 7.2833e-15 5.5254e-15          0     173.27
    3.3342     109.66 -3.731e-15 1.7278e-15          0     173.27
     3.342     109.66 -1.9525e-15 -1.8158e-15          0     173.27
    3.3574     109.66  1.459e-15 -1.0601e-14          0     173.27
    3.3651     109.66 6.2251e-15 -8.0235e-15          0     173.27
    3.3728     109.66 -6.3472e-15 -2.3358e-15          0     173.27
    3.3804     109.66 5.5847e-15 -8.7782e-16          0     173.27
    3.3957     109.66 1.2081e-15 4.5793e-15          0     173.27
    3.4033     109.66 7.8194e-15 -7.3953e-16          0     173.27
    3.4109     109.66 4.6053e-15 -4.2486e-15          0     173.27
     3.426     109.66 -5.4895e-15 -1.3699e-14          0     173.27
    3.4336     109.66 8.7955e-15 -9.4735e-15          0     173.27
    3.4411     109.66 -6.3721e-15   1.03e-15          0     173.27
    3.4561     109.66 4.1969e-16 1.3589e-14          0     173.27
    3.4636     109.66 -1.0653e-15 4.7242e-15          0     173.27
    3.4711     109.66 1.1726e-15 -7.5053e-15          0     173.27
    3.4861     109.66 1.6003e-16 -1.2889e-14          0     173.27
    3.4935     109.66 1.8737e-15 7.7667e-15          0     173.27
     3.501     109.66 -5.1456e-16 -2.6916e-15          0     173.27
    3.5159     109.66 -1.2516e-15 -7.8286e-15          0     173.27
    3.5233     109.66 -1.3606e-15 -2.8642e-15          0     173.27
    3.5308     109.66 -5.4373e-16 -9.5719e-15          0     173.27
    3.5456     109.66 6.2577e-15 -5.5289e-16          0     173.27
    3.5531     109.66 3.4744e-15 2.5773e-15          0     173.27
    3.5605     109.66 -3.7236e-15 -2.1723e-14          0     173.27
    3.5754     109.66 -3.1864e-15 3.6059e-15          0     173.27
    3.5828     109.66 1.7329e-15 -2.2794e-15          0     173.27
    3.5902     109.66 1.2194e-15 -1.7313e-15          0     173.27
     3.605     109.66 6.6586e-15 -6.6593e-15          0     173.27
    3.6125     109.66 3.1094e-15 -1.0713e-14          0     173.27
    3.6273     109.66 -7.8933e-15 -3.4917e-15          0     173.27
    3.6347     109.66 -1.0882e-15 9.2862e-16          0     173.27
    3.6421     109.66 1.5042e-15 -3.6817e-15          0     173.27
     3.657     109.66 2.6668e-15 -6.9068e-15          0     173.27
    3.6644     109.66 5.1383e-15 4.8918e-15          0     173.27
    3.6718     109.66 -2.7678e-15 -1.0809e-14          0     173.27
    3.6866     109.66 1.4526e-15 4.4582e-16          0     173.27
     3.694     109.66 -3.556e-15 7.5132e-15          0     173.27
    3.7015     109.66 7.4105e-16 7.7857e-15          0     173.27
    3.7163     109.66 2.3131e-15 6.2743e-15          0     173.27
    3.7237     109.66 6.9562e-16 -8.4245e-15          0     173.27
